<?xml version="1.0" encoding="utf-8" standalone="no"?>
<!--This file represents the results of running a test suite-->
<test-results name="D:\TDD-KataRepo\TDD-Kata\TDD-Kata\bin\Debug\TDD-Kata.dll" total="24" errors="0" failures="0" not-run="0" inconclusive="0" ignored="0" skipped="0" invalid="0" date="2011-12-01" time="11:32:09">
  <environment nunit-version="2.5.10.11092" clr-version="2.0.50727.4952" os-version="Microsoft Windows NT 6.1.7600.0" platform="Win32NT" cwd="C:\Program Files\NUnit 2.5.10\bin\net-2.0" machine-name="73ZQ7BS" user="mridup" user-domain="PYRAMIDINDIA" />
  <culture-info current-culture="en-US" current-uiculture="en-US" />
  <test-suite type="Assembly" name="D:\TDD-KataRepo\TDD-Kata\TDD-Kata\bin\Debug\TDD-Kata.dll" executed="True" result="Success" success="True" time="0.114" asserts="0">
    <results>
      <test-suite type="Namespace" name="TDD_Kata" executed="True" result="Success" success="True" time="0.104" asserts="0">
        <results>
          <test-suite type="TestFixture" name="Runner" executed="True" result="Success" success="True" time="0.104" asserts="0">
            <results>
              <test-suite type="ParameterizedTest" name="Add_WhenGivenNegativeNumbers_ThrowsExceptionSayingNegativesArentAllowed" executed="True" result="Success" success="True" time="0.023" asserts="0">
                <results>
                  <test-case name="TDD_Kata.Runner.Add_WhenGivenNegativeNumbers_ThrowsExceptionSayingNegativesArentAllowed(&quot;-1&quot;)" executed="True" result="Success" success="True" time="0.018" asserts="2" />
                </results>
              </test-suite>
              <test-suite type="ParameterizedTest" name="Add_WhenGivenNewLinesBetweenNumbers_TreatsNewLineAsDelimiter" executed="True" result="Success" success="True" time="0.033" asserts="0">
                <results>
                  <test-case name="TDD_Kata.Runner.Add_WhenGivenNewLinesBetweenNumbers_TreatsNewLineAsDelimiter(&quot;1\n2:3&quot;,6)" executed="True" result="Success" success="True" time="0.002" asserts="2" />
                  <test-case name="TDD_Kata.Runner.Add_WhenGivenNewLinesBetweenNumbers_TreatsNewLineAsDelimiter(&quot;1:2:3&quot;,6)" executed="True" result="Success" success="True" time="0.000" asserts="2" />
                  <test-case name="TDD_Kata.Runner.Add_WhenGivenNewLinesBetweenNumbers_TreatsNewLineAsDelimiter(&quot;1,2,3&quot;,6)" executed="True" result="Success" success="True" time="0.000" asserts="2" />
                  <test-case name="TDD_Kata.Runner.Add_WhenGivenNewLinesBetweenNumbers_TreatsNewLineAsDelimiter(&quot;1 2 3&quot;,6)" executed="True" result="Success" success="True" time="0.000" asserts="2" />
                  <test-case name="TDD_Kata.Runner.Add_WhenGivenNewLinesBetweenNumbers_TreatsNewLineAsDelimiter(&quot;1/2/10&quot;,13)" executed="True" result="Success" success="True" time="0.000" asserts="2" />
                  <test-case name="TDD_Kata.Runner.Add_WhenGivenNewLinesBetweenNumbers_TreatsNewLineAsDelimiter(&quot;1//2//10&quot;,13)" executed="True" result="Success" success="True" time="0.000" asserts="2" />
                  <test-case name="TDD_Kata.Runner.Add_WhenGivenNewLinesBetweenNumbers_TreatsNewLineAsDelimiter(&quot;1:2,4&quot;,7)" executed="True" result="Success" success="True" time="0.000" asserts="2" />
                  <test-case name="TDD_Kata.Runner.Add_WhenGivenNewLinesBetweenNumbers_TreatsNewLineAsDelimiter(&quot;1\n2\n3&quot;,6)" executed="True" result="Success" success="True" time="0.000" asserts="2" />
                  <test-case name="TDD_Kata.Runner.Add_WhenGivenNewLinesBetweenNumbers_TreatsNewLineAsDelimiter(&quot;//1\n2:5&quot;,8)" executed="True" result="Success" success="True" time="0.000" asserts="2" />
                  <test-case name="TDD_Kata.Runner.Add_WhenGivenNewLinesBetweenNumbers_TreatsNewLineAsDelimiter(&quot;//:1,2:8&quot;,11)" executed="True" result="Success" success="True" time="0.000" asserts="2" />
                </results>
              </test-suite>
              <test-case name="TDD_Kata.Runner.Add_WhenGivenNoNumbers_ReturnsZero" executed="True" result="Success" success="True" time="0.001" asserts="1" />
              <test-suite type="ParameterizedTest" name="Add_WhenGivenOneNumber_ReturnsThatNumber" executed="True" result="Success" success="True" time="0.008" asserts="0">
                <results>
                  <test-case name="TDD_Kata.Runner.Add_WhenGivenOneNumber_ReturnsThatNumber(&quot;2&quot;)" executed="True" result="Success" success="True" time="0.000" asserts="2" />
                  <test-case name="TDD_Kata.Runner.Add_WhenGivenOneNumber_ReturnsThatNumber(&quot;3&quot;)" executed="True" result="Success" success="True" time="0.000" asserts="2" />
                  <test-case name="TDD_Kata.Runner.Add_WhenGivenOneNumber_ReturnsThatNumber(&quot;10&quot;)" executed="True" result="Success" success="True" time="0.000" asserts="2" />
                  <test-case name="TDD_Kata.Runner.Add_WhenGivenOneNumber_ReturnsThatNumber(&quot;1&quot;)" executed="True" result="Success" success="True" time="0.001" asserts="2" />
                </results>
              </test-suite>
              <test-suite type="ParameterizedTest" name="Add_WhenGivenTwoNumbers_AddNumbersTogether" executed="True" result="Success" success="True" time="0.012" asserts="0">
                <results>
                  <test-case name="TDD_Kata.Runner.Add_WhenGivenTwoNumbers_AddNumbersTogether(&quot;1\n2&quot;,3)" executed="True" result="Success" success="True" time="0.001" asserts="2" />
                  <test-case name="TDD_Kata.Runner.Add_WhenGivenTwoNumbers_AddNumbersTogether(&quot;3\n7&quot;,10)" executed="True" result="Success" success="True" time="0.000" asserts="2" />
                  <test-case name="TDD_Kata.Runner.Add_WhenGivenTwoNumbers_AddNumbersTogether(&quot;6,7&quot;,13)" executed="True" result="Success" success="True" time="0.000" asserts="2" />
                  <test-case name="TDD_Kata.Runner.Add_WhenGivenTwoNumbers_AddNumbersTogether(&quot;1:2&quot;,3)" executed="True" result="Success" success="True" time="0.000" asserts="2" />
                  <test-case name="TDD_Kata.Runner.Add_WhenGivenTwoNumbers_AddNumbersTogether(&quot;1/10&quot;,11)" executed="True" result="Success" success="True" time="0.000" asserts="2" />
                  <test-case name="TDD_Kata.Runner.Add_WhenGivenTwoNumbers_AddNumbersTogether(&quot;1//10&quot;,11)" executed="True" result="Success" success="True" time="0.000" asserts="2" />
                </results>
              </test-suite>
              <test-suite type="ParameterizedTest" name="Add_WhenGivenTwoSlashesAtBeginning_UsesDelimiterAfterSlashesInsteadOfComma" executed="True" result="Success" success="True" time="0.003" asserts="0">
                <results>
                  <test-case name="TDD_Kata.Runner.Add_WhenGivenTwoSlashesAtBeginning_UsesDelimiterAfterSlashesInsteadOfComma(&quot;\\:\n1:3&quot;,4)" executed="True" result="Success" success="True" time="0.001" asserts="2" />
                  <test-case name="TDD_Kata.Runner.Add_WhenGivenTwoSlashesAtBeginning_UsesDelimiterAfterSlashesInsteadOfComma(&quot;\\:\n1,4&quot;,5)" executed="True" result="Success" success="True" time="0.000" asserts="2" />
                </results>
              </test-suite>
            </results>
          </test-suite>
        </results>
      </test-suite>
    </results>
  </test-suite>
</test-results>